This file contains any messages produced by compilers while
running configure, to aid debugging if configure makes a mistake.

It was created by RomanNumeralCalculator configure 0.0.1, which was
generated by GNU Autoconf 2.69.  Invocation command line was

  $ ../configure 

## --------- ##
## Platform. ##
## --------- ##

hostname = Shuais-MacBook-Pro-2.local
uname -m = x86_64
uname -r = 14.5.0
uname -s = Darwin
uname -v = Darwin Kernel Version 14.5.0: Mon Jan 11 18:48:35 PST 2016; root:xnu-2782.50.2~1/RELEASE_X86_64

/usr/bin/uname -p = i386
/bin/uname -X     = unknown

/bin/arch              = unknown
/usr/bin/arch -k       = unknown
/usr/convex/getsysinfo = unknown
/usr/bin/hostinfo      = Mach kernel version:
	 Darwin Kernel Version 14.5.0: Mon Jan 11 18:48:35 PST 2016; root:xnu-2782.50.2~1/RELEASE_X86_64
Kernel configured for up to 4 processors.
2 processors are physically available.
4 processors are logically available.
Processor type: x86_64h (Intel x86-64h Haswell)
Processors active: 0 1 2 3
Primary memory available: 8.00 gigabytes
Default processor set: 237 tasks, 1287 threads, 4 processors
Load average: 2.24, Mach factor: 1.78
/bin/machine           = unknown
/usr/bin/oslevel       = unknown
/bin/universe          = unknown

PATH: /Users/Shuai/anaconda/bin
PATH: //anaconda/bin
PATH: /Library/Frameworks/Python.framework/Versions/3.5/bin
PATH: /Library/Frameworks/Python.framework/Versions/3.5/bin
PATH: /opt/local/bin
PATH: /opt/local/sbin
PATH: /usr/local/bin
PATH: /usr/bin
PATH: /bin
PATH: /usr/sbin
PATH: /sbin
PATH: /opt/X11/bin
PATH: /Library/TeX/texbin
PATH: /usr/local/grace/bin


## ----------- ##
## Core tests. ##
## ----------- ##

configure:1833: checking for a BSD-compatible install
configure:1901: result: /opt/local/bin/ginstall -c
configure:1912: checking whether build environment is sane
configure:1967: result: yes
configure:2118: checking for a thread-safe mkdir -p
configure:2157: result: /opt/local/bin/gmkdir -p
configure:2164: checking for gawk
configure:2180: found /opt/local/bin/gawk
configure:2191: result: gawk
configure:2202: checking whether make sets $(MAKE)
configure:2224: result: yes
configure:2253: checking whether make supports nested variables
configure:2270: result: yes
configure:2446: checking for gcc
configure:2462: found /usr/bin/gcc
configure:2473: result: gcc
configure:2702: checking for C compiler version
configure:2711: gcc --version >&5
Apple LLVM version 7.0.2 (clang-700.1.81)
Target: x86_64-apple-darwin14.5.0
Thread model: posix
Configured with: --prefix=/Library/Developer/CommandLineTools/usr --with-gxx-include-dir=/usr/include/c++/4.2.1
configure:2722: $? = 0
configure:2711: gcc -v >&5
Configured with: --prefix=/Library/Developer/CommandLineTools/usr --with-gxx-include-dir=/usr/include/c++/4.2.1
Apple LLVM version 7.0.2 (clang-700.1.81)
Target: x86_64-apple-darwin14.5.0
Thread model: posix
configure:2722: $? = 0
configure:2711: gcc -V >&5
clang: error: argument to '-V' is missing (expected 1 value)
clang: error: no input files
configure:2722: $? = 1
configure:2711: gcc -qversion >&5
clang: error: unknown argument: '-qversion'
clang: error: no input files
configure:2722: $? = 1
configure:2742: checking whether the C compiler works
configure:2764: gcc    conftest.c  >&5
configure:2768: $? = 0
configure:2816: result: yes
configure:2819: checking for C compiler default output file name
configure:2821: result: a.out
configure:2827: checking for suffix of executables
configure:2834: gcc -o conftest    conftest.c  >&5
configure:2838: $? = 0
configure:2860: result: 
configure:2882: checking whether we are cross compiling
configure:2890: gcc -o conftest    conftest.c  >&5
configure:2894: $? = 0
configure:2901: ./conftest
configure:2905: $? = 0
configure:2920: result: no
configure:2925: checking for suffix of object files
configure:2947: gcc -c   conftest.c >&5
configure:2951: $? = 0
configure:2972: result: o
configure:2976: checking whether we are using the GNU C compiler
configure:2995: gcc -c   conftest.c >&5
configure:2995: $? = 0
configure:3004: result: yes
configure:3013: checking whether gcc accepts -g
configure:3033: gcc -c -g  conftest.c >&5
configure:3033: $? = 0
configure:3074: result: yes
configure:3091: checking for gcc option to accept ISO C89
configure:3154: gcc  -c -g -O2  conftest.c >&5
configure:3154: $? = 0
configure:3167: result: none needed
configure:3192: checking whether gcc understands -c and -o together
configure:3214: gcc -c conftest.c -o conftest2.o
configure:3217: $? = 0
configure:3214: gcc -c conftest.c -o conftest2.o
configure:3217: $? = 0
configure:3229: result: yes
configure:3257: checking for style of include used by make
configure:3285: result: GNU
configure:3311: checking dependency style of gcc
configure:3422: result: gcc3
configure:3557: checking that generated files are newer than configure
configure:3563: result: done
configure:3586: creating ./config.status

## ---------------------- ##
## Running config.status. ##
## ---------------------- ##

This file was extended by RomanNumeralCalculator config.status 0.0.1, which was
generated by GNU Autoconf 2.69.  Invocation command line was

  CONFIG_FILES    = 
  CONFIG_HEADERS  = 
  CONFIG_LINKS    = 
  CONFIG_COMMANDS = 
  $ ./config.status 

on Shuais-MacBook-Pro-2.local

config.status:839: creating Makefile
config.status:839: creating config.h
config.status:1053: executing depfiles commands

## ---------------- ##
## Cache variables. ##
## ---------------- ##

ac_cv_c_compiler_gnu=yes
ac_cv_env_CC_set=
ac_cv_env_CC_value=
ac_cv_env_CFLAGS_set=
ac_cv_env_CFLAGS_value=
ac_cv_env_CPPFLAGS_set=
ac_cv_env_CPPFLAGS_value=
ac_cv_env_LDFLAGS_set=
ac_cv_env_LDFLAGS_value=
ac_cv_env_LIBS_set=
ac_cv_env_LIBS_value=
ac_cv_env_build_alias_set=
ac_cv_env_build_alias_value=
ac_cv_env_host_alias_set=
ac_cv_env_host_alias_value=
ac_cv_env_target_alias_set=
ac_cv_env_target_alias_value=
ac_cv_objext=o
ac_cv_path_install='/opt/local/bin/ginstall -c'
ac_cv_path_mkdir=/opt/local/bin/gmkdir
ac_cv_prog_AWK=gawk
ac_cv_prog_ac_ct_CC=gcc
ac_cv_prog_cc_c89=
ac_cv_prog_cc_g=yes
ac_cv_prog_make_make_set=yes
am_cv_CC_dependencies_compiler_type=gcc3
am_cv_make_support_nested_variables=yes
am_cv_prog_cc_c_o=yes

## ----------------- ##
## Output variables. ##
## ----------------- ##

ACLOCAL='${SHELL} /Users/Shuai/Documents/RomanNumeralCalculatorTDD/missing aclocal-1.15'
AMDEPBACKSLASH='\'
AMDEP_FALSE='#'
AMDEP_TRUE=''
AMTAR='$${TAR-tar}'
AM_BACKSLASH='\'
AM_DEFAULT_V='$(AM_DEFAULT_VERBOSITY)'
AM_DEFAULT_VERBOSITY='1'
AM_V='$(V)'
AUTOCONF='${SHELL} /Users/Shuai/Documents/RomanNumeralCalculatorTDD/missing autoconf'
AUTOHEADER='${SHELL} /Users/Shuai/Documents/RomanNumeralCalculatorTDD/missing autoheader'
AUTOMAKE='${SHELL} /Users/Shuai/Documents/RomanNumeralCalculatorTDD/missing automake-1.15'
AWK='gawk'
CC='gcc'
CCDEPMODE='depmode=gcc3'
CFLAGS='-g -O2'
CPPFLAGS=''
CYGPATH_W='echo'
DEFS='-DHAVE_CONFIG_H'
DEPDIR='.deps'
ECHO_C='\c'
ECHO_N=''
ECHO_T=''
EXEEXT=''
INSTALL_DATA='${INSTALL} -m 644'
INSTALL_PROGRAM='${INSTALL}'
INSTALL_SCRIPT='${INSTALL}'
INSTALL_STRIP_PROGRAM='$(install_sh) -c -s'
LDFLAGS=''
LIBOBJS=''
LIBS=''
LTLIBOBJS=''
MAKEINFO='${SHELL} /Users/Shuai/Documents/RomanNumeralCalculatorTDD/missing makeinfo'
MKDIR_P='/opt/local/bin/gmkdir -p'
OBJEXT='o'
PACKAGE='romannumeralcalculator'
PACKAGE_BUGREPORT=''
PACKAGE_NAME='RomanNumeralCalculator'
PACKAGE_STRING='RomanNumeralCalculator 0.0.1'
PACKAGE_TARNAME='romannumeralcalculator'
PACKAGE_URL=''
PACKAGE_VERSION='0.0.1'
PATH_SEPARATOR=':'
SET_MAKE=''
SHELL='/bin/sh'
STRIP=''
VERSION='0.0.1'
ac_ct_CC='gcc'
am__EXEEXT_FALSE=''
am__EXEEXT_TRUE='#'
am__fastdepCC_FALSE='#'
am__fastdepCC_TRUE=''
am__include='include'
am__isrc=' -I$(srcdir)'
am__leading_dot='.'
am__nodep='_no'
am__quote=''
am__tar='$${TAR-tar} chof - "$$tardir"'
am__untar='$${TAR-tar} xf -'
bindir='${exec_prefix}/bin'
build_alias=''
datadir='${datarootdir}'
datarootdir='${prefix}/share'
docdir='${datarootdir}/doc/${PACKAGE_TARNAME}'
dvidir='${docdir}'
exec_prefix='${prefix}'
host_alias=''
htmldir='${docdir}'
includedir='${prefix}/include'
infodir='${datarootdir}/info'
install_sh='${SHELL} /Users/Shuai/Documents/RomanNumeralCalculatorTDD/install-sh'
libdir='${exec_prefix}/lib'
libexecdir='${exec_prefix}/libexec'
localedir='${datarootdir}/locale'
localstatedir='${prefix}/var'
mandir='${datarootdir}/man'
mkdir_p='$(MKDIR_P)'
oldincludedir='/usr/include'
pdfdir='${docdir}'
prefix='/usr/local'
program_transform_name='s,x,x,'
psdir='${docdir}'
sbindir='${exec_prefix}/sbin'
sharedstatedir='${prefix}/com'
sysconfdir='${prefix}/etc'
target_alias=''

## ----------- ##
## confdefs.h. ##
## ----------- ##

/* confdefs.h */
#define PACKAGE_NAME "RomanNumeralCalculator"
#define PACKAGE_TARNAME "romannumeralcalculator"
#define PACKAGE_VERSION "0.0.1"
#define PACKAGE_STRING "RomanNumeralCalculator 0.0.1"
#define PACKAGE_BUGREPORT ""
#define PACKAGE_URL ""
#define PACKAGE "romannumeralcalculator"
#define VERSION "0.0.1"

configure: exit 0
